execve("./lab1_client", ["./lab1_client"], 0x7fffff6cd610 /* 33 vars */) = 0
brk(NULL)                               = 0x55d2c8d34000
access("/etc/ld.so.preload", R_OK)      = -1 ENOENT (Нет такого файла или каталога)
openat(AT_FDCWD, "/etc/ld.so.cache", O_RDONLY|O_CLOEXEC) = 3
fstat(3, {st_mode=S_IFREG|0644, st_size=88115, ...}) = 0
mmap(NULL, 88115, PROT_READ, MAP_PRIVATE, 3, 0) = 0x7f13c4441000
close(3)                                = 0
openat(AT_FDCWD, "/usr/lib/libc.so.6", O_RDONLY|O_CLOEXEC) = 3
read(3, "\177ELF\2\1\1\3\0\0\0\0\0\0\0\0\3\0>\0\1\0\0\0000x\2\0\0\0\0\0"..., 832) = 832
pread64(3, "\6\0\0\0\4\0\0\0@\0\0\0\0\0\0\0@\0\0\0\0\0\0\0@\0\0\0\0\0\0\0"..., 896, 64) = 896
fstat(3, {st_mode=S_IFREG|0755, st_size=2149728, ...}) = 0
mmap(NULL, 8192, PROT_READ|PROT_WRITE, MAP_PRIVATE|MAP_ANONYMOUS, -1, 0) = 0x7f13c443f000
pread64(3, "\6\0\0\0\4\0\0\0@\0\0\0\0\0\0\0@\0\0\0\0\0\0\0@\0\0\0\0\0\0\0"..., 896, 64) = 896
mmap(NULL, 2174000, PROT_READ, MAP_PRIVATE|MAP_DENYWRITE, 3, 0) = 0x7f13c4200000
mmap(0x7f13c4224000, 1515520, PROT_READ|PROT_EXEC, MAP_PRIVATE|MAP_FIXED|MAP_DENYWRITE, 3, 0x24000) = 0x7f13c4224000
mmap(0x7f13c4396000, 454656, PROT_READ, MAP_PRIVATE|MAP_FIXED|MAP_DENYWRITE, 3, 0x196000) = 0x7f13c4396000
mmap(0x7f13c4405000, 24576, PROT_READ|PROT_WRITE, MAP_PRIVATE|MAP_FIXED|MAP_DENYWRITE, 3, 0x204000) = 0x7f13c4405000
mmap(0x7f13c440b000, 31792, PROT_READ|PROT_WRITE, MAP_PRIVATE|MAP_FIXED|MAP_ANONYMOUS, -1, 0) = 0x7f13c440b000
close(3)                                = 0
mmap(NULL, 12288, PROT_READ|PROT_WRITE, MAP_PRIVATE|MAP_ANONYMOUS, -1, 0) = 0x7f13c443c000
arch_prctl(ARCH_SET_FS, 0x7f13c443c740) = 0
set_tid_address(0x7f13c443ca10)         = 10887
set_robust_list(0x7f13c443ca20, 24)     = 0
rseq(0x7f13c443c680, 0x20, 0, 0x53053053) = 0
mprotect(0x7f13c4405000, 16384, PROT_READ) = 0
mprotect(0x55d28a0f5000, 4096, PROT_READ) = 0
mprotect(0x7f13c4498000, 8192, PROT_READ) = 0
prlimit64(0, RLIMIT_STACK, NULL, {rlim_cur=8192*1024, rlim_max=RLIM64_INFINITY}) = 0
getrandom("\x87\x1b\x26\xfe\x8c\xc5\x0f\x80", 8, GRND_NONBLOCK) = 8
munmap(0x7f13c4441000, 88115)           = 0
fstat(0, {st_mode=S_IFCHR|0600, st_rdev=makedev(0x88, 0), ...}) = 0
brk(NULL)                               = 0x55d2c8d34000
brk(0x55d2c8d55000)                     = 0x55d2c8d55000
read(0, "111\n", 1024)                  = 4
readlink("/proc/self/exe", "/home/bogdanoff/study/OS/lab1/la"..., 1023) = 41
pipe2([3, 5], 0)                        = 0
pipe2([6, 7], 0)                        = 0
rt_sigprocmask(SIG_BLOCK, ~[], [], 8)   = 0
clone(child_stack=NULL, flags=CLONE_CHILD_CLEARTID|CLONE_CHILD_SETTID|SIGCHLD, child_tidptr=0x7f13c443ca10) = 10894
rt_sigprocmask(SIG_SETMASK, [], NULL, 8) = 0
close(3)                                = 0
close(7)                                = 0
read(0, "111 1 1\n", 4096)              = 8
write(5, "111 1 1\n", 8)                = 8
read(6, "success\0", 256)               = 8
read(0, "12.1223 34 45\n", 4096)        = 14
write(5, "12.1223 34 45\n", 14)         = 14
read(6, "success\0", 256)               = 8
read(0, "-123.234 4 4\n", 4096)         = 13
write(5, "-123.234 4 4\n", 13)          = 13
read(6, "success\0", 256)               = 8
read(0, "1 0 1\n", 4096)                = 6
write(5, "1 0 1\n", 6)                  = 6
read(6, "error: can`t devide by zero\n\0", 256) = 29
--- SIGCHLD {si_signo=SIGCHLD, si_code=CLD_EXITED, si_pid=10894, si_uid=1000, si_status=1, si_utime=0, si_stime=0} ---
write(1, "error: can`t devide by zero\n\0", 29) = 29
exit_group(1)                           = ?
+++ exited with 1 +++
